  ex3.c
D:\realast\realrealast\ex3.c(21,9): warning C4477: 'printf' : 서식 문자열 '%lu'에 'unsigned long' 형식의 인수가 필요하지만 variadic 인수 1의 형식이 'size_t'입니다.
D:\realast\realrealast\ex3.c(22,9): warning C4477: 'printf' : 서식 문자열 '%lu'에 'unsigned long' 형식의 인수가 필요하지만 variadic 인수 1의 형식이 'size_t'입니다.
D:\realast\realrealast\ex3.c(23,9): warning C4477: 'printf' : 서식 문자열 '%lu'에 'unsigned long' 형식의 인수가 필요하지만 variadic 인수 1의 형식이 'size_t'입니다.
D:\realast\realrealast\ex3.c(24,9): warning C4477: 'printf' : 서식 문자열 '%lu'에 'unsigned long' 형식의 인수가 필요하지만 variadic 인수 1의 형식이 'size_t'입니다.
D:\realast\realrealast\ex3.c(25,9): warning C4477: 'printf' : 서식 문자열 '%lu'에 'unsigned long' 형식의 인수가 필요하지만 variadic 인수 1의 형식이 'size_t'입니다.
D:\realast\realrealast\ex3.c(26,9): warning C4477: 'printf' : 서식 문자열 '%lu'에 'unsigned long' 형식의 인수가 필요하지만 variadic 인수 1의 형식이 'size_t'입니다.
D:\realast\realrealast\ex3.c(27,9): warning C4477: 'printf' : 서식 문자열 '%lu'에 'unsigned long' 형식의 인수가 필요하지만 variadic 인수 1의 형식이 'size_t'입니다.
D:\realast\realrealast\ex3.c(28,9): warning C4477: 'printf' : 서식 문자열 '%lu'에 'unsigned long' 형식의 인수가 필요하지만 variadic 인수 1의 형식이 'size_t'입니다.
D:\realast\realrealast\ex3.c(29,9): warning C4477: 'printf' : 서식 문자열 '%lu'에 'unsigned long' 형식의 인수가 필요하지만 variadic 인수 1의 형식이 'size_t'입니다.
D:\realast\realrealast\ex3.c(30,9): warning C4477: 'printf' : 서식 문자열 '%lu'에 'unsigned long' 형식의 인수가 필요하지만 variadic 인수 1의 형식이 'size_t'입니다.
D:\realast\realrealast\ex3.c(31,9): warning C4477: 'printf' : 서식 문자열 '%lu'에 'unsigned long' 형식의 인수가 필요하지만 variadic 인수 1의 형식이 'size_t'입니다.
D:\realast\realrealast\ex3.c(32,9): warning C4477: 'printf' : 서식 문자열 '%lu'에 'unsigned long' 형식의 인수가 필요하지만 variadic 인수 1의 형식이 'size_t'입니다.
D:\realast\realrealast\ex3.c(33,9): warning C4477: 'printf' : 서식 문자열 '%lu'에 'unsigned long' 형식의 인수가 필요하지만 variadic 인수 1의 형식이 'size_t'입니다.
D:\realast\realrealast\ex3.c(36,9): warning C4477: 'printf' : 서식 문자열 '%lu'에 'unsigned long' 형식의 인수가 필요하지만 variadic 인수 1의 형식이 'size_t'입니다.
D:\realast\realrealast\ex3.c(37,9): warning C4477: 'printf' : 서식 문자열 '%lu'에 'unsigned long' 형식의 인수가 필요하지만 variadic 인수 1의 형식이 'size_t'입니다.
D:\realast\realrealast\ex3.c(40,9): warning C4477: 'printf' : 서식 문자열 '%lu'에 'unsigned long' 형식의 인수가 필요하지만 variadic 인수 1의 형식이 'size_t'입니다.
D:\realast\realrealast\ex3.c(13,9): warning C4101: 'f' :참조되지 않은 지역 변수입니다.
D:\realast\realrealast\ex3.c(12,8): warning C4101: 'l' :참조되지 않은 지역 변수입니다.
D:\realast\realrealast\ex3.c(14,10): warning C4101: 'd' :참조되지 않은 지역 변수입니다.
  realrealast.vcxproj -> D:\realast\x64\Debug\realrealast.exe
